  소스.cpp
c:\users\user\desktop\consoleapplication1\consoleapplication1\소스.cpp(185): warning C4101: 'y' :참조되지 않은 지역 변수입니다.
c:\users\user\desktop\consoleapplication1\consoleapplication1\소스.cpp(185): warning C4101: 'x' :참조되지 않은 지역 변수입니다.
c:\users\user\desktop\consoleapplication1\consoleapplication1\소스.cpp(209): warning C4244: '=': 'double'에서 'int'(으)로 변환하면서 데이터가 손실될 수 있습니다.
c:\users\user\desktop\consoleapplication1\consoleapplication1\소스.cpp(210): warning C4244: '=': 'double'에서 'int'(으)로 변환하면서 데이터가 손실될 수 있습니다.
c:\users\user\desktop\consoleapplication1\consoleapplication1\소스.cpp(199): warning C4101: 'y' :참조되지 않은 지역 변수입니다.
c:\users\user\desktop\consoleapplication1\consoleapplication1\소스.cpp(201): warning C4101: 'y_t' :참조되지 않은 지역 변수입니다.
c:\users\user\desktop\consoleapplication1\consoleapplication1\소스.cpp(201): warning C4101: 'x_t' :참조되지 않은 지역 변수입니다.
c:\users\user\desktop\consoleapplication1\consoleapplication1\소스.cpp(199): warning C4101: 'x' :참조되지 않은 지역 변수입니다.
c:\users\user\desktop\consoleapplication1\consoleapplication1\소스.cpp(277): warning C4244: '=': 'int'에서 'float'(으)로 변환하면서 데이터가 손실될 수 있습니다.
c:\users\user\desktop\consoleapplication1\consoleapplication1\소스.cpp(290): warning C4244: '=': 'float'에서 'int'(으)로 변환하면서 데이터가 손실될 수 있습니다.
c:\users\user\desktop\consoleapplication1\consoleapplication1\소스.cpp(299): warning C4996: 'fopen': This function or variable may be unsafe. Consider using fopen_s instead. To disable deprecation, use _CRT_SECURE_NO_WARNINGS. See online help for details.
  c:\program files (x86)\windows kits\10\include\10.0.15063.0\ucrt\stdio.h(207): note: 'fopen' 선언을 참조하십시오.
c:\users\user\desktop\consoleapplication1\consoleapplication1\소스.cpp(300): warning C4996: 'fopen': This function or variable may be unsafe. Consider using fopen_s instead. To disable deprecation, use _CRT_SECURE_NO_WARNINGS. See online help for details.
  c:\program files (x86)\windows kits\10\include\10.0.15063.0\ucrt\stdio.h(207): note: 'fopen' 선언을 참조하십시오.
c:\users\user\desktop\consoleapplication1\consoleapplication1\소스.cpp(301): warning C4996: 'fopen': This function or variable may be unsafe. Consider using fopen_s instead. To disable deprecation, use _CRT_SECURE_NO_WARNINGS. See online help for details.
  c:\program files (x86)\windows kits\10\include\10.0.15063.0\ucrt\stdio.h(207): note: 'fopen' 선언을 참조하십시오.
c:\users\user\desktop\consoleapplication1\consoleapplication1\소스.cpp(302): warning C4996: 'fopen': This function or variable may be unsafe. Consider using fopen_s instead. To disable deprecation, use _CRT_SECURE_NO_WARNINGS. See online help for details.
  c:\program files (x86)\windows kits\10\include\10.0.15063.0\ucrt\stdio.h(207): note: 'fopen' 선언을 참조하십시오.
c:\users\user\desktop\consoleapplication1\consoleapplication1\소스.cpp(303): warning C4996: 'fopen': This function or variable may be unsafe. Consider using fopen_s instead. To disable deprecation, use _CRT_SECURE_NO_WARNINGS. See online help for details.
  c:\program files (x86)\windows kits\10\include\10.0.15063.0\ucrt\stdio.h(207): note: 'fopen' 선언을 참조하십시오.
c:\users\user\desktop\consoleapplication1\consoleapplication1\소스.cpp(304): warning C4996: 'fopen': This function or variable may be unsafe. Consider using fopen_s instead. To disable deprecation, use _CRT_SECURE_NO_WARNINGS. See online help for details.
  c:\program files (x86)\windows kits\10\include\10.0.15063.0\ucrt\stdio.h(207): note: 'fopen' 선언을 참조하십시오.
c:\users\user\desktop\consoleapplication1\consoleapplication1\소스.cpp(305): warning C4996: 'fopen': This function or variable may be unsafe. Consider using fopen_s instead. To disable deprecation, use _CRT_SECURE_NO_WARNINGS. See online help for details.
  c:\program files (x86)\windows kits\10\include\10.0.15063.0\ucrt\stdio.h(207): note: 'fopen' 선언을 참조하십시오.
c:\users\user\desktop\consoleapplication1\consoleapplication1\소스.cpp(306): warning C4996: 'fopen': This function or variable may be unsafe. Consider using fopen_s instead. To disable deprecation, use _CRT_SECURE_NO_WARNINGS. See online help for details.
  c:\program files (x86)\windows kits\10\include\10.0.15063.0\ucrt\stdio.h(207): note: 'fopen' 선언을 참조하십시오.
c:\users\user\desktop\consoleapplication1\consoleapplication1\소스.cpp(307): warning C4996: 'fopen': This function or variable may be unsafe. Consider using fopen_s instead. To disable deprecation, use _CRT_SECURE_NO_WARNINGS. See online help for details.
  c:\program files (x86)\windows kits\10\include\10.0.15063.0\ucrt\stdio.h(207): note: 'fopen' 선언을 참조하십시오.
c:\users\user\desktop\consoleapplication1\consoleapplication1\소스.cpp(308): warning C4996: 'fopen': This function or variable may be unsafe. Consider using fopen_s instead. To disable deprecation, use _CRT_SECURE_NO_WARNINGS. See online help for details.
  c:\program files (x86)\windows kits\10\include\10.0.15063.0\ucrt\stdio.h(207): note: 'fopen' 선언을 참조하십시오.
  ConsoleApplication1.vcxproj -> C:\Users\USER\Desktop\ConsoleApplication1\Debug\ConsoleApplication1.exe
  ConsoleApplication1.vcxproj -> C:\Users\USER\Desktop\ConsoleApplication1\Debug\ConsoleApplication1.pdb (Partial PDB)
